{"name":"fourthTest","status":"broken","statusDetails":{"known":false,"muted":false,"flaky":false,"message":"no such element: Unable to locate element: {\"method\":\"xpath\",\"selector\":\"//*[@id=\"__nuxt\"]/div/div[1]/div/div/div[3]/div[4]/div[2]/div/div[1]/div[2]/div[4]/span[2]\"}\n  (Session info: chrome=81.0.4044.138)\nFor documentation on this error, please visit: https://www.seleniumhq.org/exceptions/no_such_element.html\nBuild info: version: '3.141.59', revision: 'e82be7d358', time: '2018-11-14T08:17:03'\nSystem info: host: 'NOTEBOOK-ACER', ip: '26.96.97.216', os.name: 'Windows 10', os.arch: 'amd64', os.version: '10.0', java.version: '1.8.0_221'\nDriver info: org.openqa.selenium.chrome.ChromeDriver\nCapabilities {acceptInsecureCerts: false, browserName: chrome, browserVersion: 81.0.4044.138, chrome: {chromedriverVersion: 81.0.4044.69 (6813546031a4b..., userDataDir: c:\\Temp\\scoped_dir5504_1470...}, goog:chromeOptions: {debuggerAddress: localhost:60701}, javascriptEnabled: true, networkConnectionEnabled: false, pageLoadStrategy: normal, platform: WINDOWS, platformName: WINDOWS, proxy: Proxy(), setWindowRect: true, strictFileInteractability: false, timeouts: {implicit: 0, pageLoad: 300000, script: 30000}, unhandledPromptBehavior: dismiss and notify, webauthn:virtualAuthenticators: true}\nSession ID: 8c571d0333ef39d8bb192bad86234bde\n*** Element info: {Using=xpath, value=//*[@id=\"__nuxt\"]/div/div[1]/div/div/div[3]/div[4]/div[2]/div/div[1]/div[2]/div[4]/span[2]}","trace":"org.openqa.selenium.NoSuchElementException: no such element: Unable to locate element: {\"method\":\"xpath\",\"selector\":\"//*[@id=\"__nuxt\"]/div/div[1]/div/div/div[3]/div[4]/div[2]/div/div[1]/div[2]/div[4]/span[2]\"}\n  (Session info: chrome=81.0.4044.138)\nFor documentation on this error, please visit: https://www.seleniumhq.org/exceptions/no_such_element.html\nBuild info: version: '3.141.59', revision: 'e82be7d358', time: '2018-11-14T08:17:03'\nSystem info: host: 'NOTEBOOK-ACER', ip: '26.96.97.216', os.name: 'Windows 10', os.arch: 'amd64', os.version: '10.0', java.version: '1.8.0_221'\nDriver info: org.openqa.selenium.chrome.ChromeDriver\nCapabilities {acceptInsecureCerts: false, browserName: chrome, browserVersion: 81.0.4044.138, chrome: {chromedriverVersion: 81.0.4044.69 (6813546031a4b..., userDataDir: c:\\Temp\\scoped_dir5504_1470...}, goog:chromeOptions: {debuggerAddress: localhost:60701}, javascriptEnabled: true, networkConnectionEnabled: false, pageLoadStrategy: normal, platform: WINDOWS, platformName: WINDOWS, proxy: Proxy(), setWindowRect: true, strictFileInteractability: false, timeouts: {implicit: 0, pageLoad: 300000, script: 30000}, unhandledPromptBehavior: dismiss and notify, webauthn:virtualAuthenticators: true}\nSession ID: 8c571d0333ef39d8bb192bad86234bde\n*** Element info: {Using=xpath, value=//*[@id=\"__nuxt\"]/div/div[1]/div/div/div[3]/div[4]/div[2]/div/div[1]/div[2]/div[4]/span[2]}\r\n\tat sun.reflect.NativeConstructorAccessorImpl.newInstance0(Native Method)\r\n\tat sun.reflect.NativeConstructorAccessorImpl.newInstance(NativeConstructorAccessorImpl.java:62)\r\n\tat sun.reflect.DelegatingConstructorAccessorImpl.newInstance(DelegatingConstructorAccessorImpl.java:45)\r\n\tat java.lang.reflect.Constructor.newInstance(Constructor.java:423)\r\n\tat org.openqa.selenium.remote.http.W3CHttpResponseCodec.createException(W3CHttpResponseCodec.java:187)\r\n\tat org.openqa.selenium.remote.http.W3CHttpResponseCodec.decode(W3CHttpResponseCodec.java:122)\r\n\tat org.openqa.selenium.remote.http.W3CHttpResponseCodec.decode(W3CHttpResponseCodec.java:49)\r\n\tat org.openqa.selenium.remote.HttpCommandExecutor.execute(HttpCommandExecutor.java:158)\r\n\tat org.openqa.selenium.remote.service.DriverCommandExecutor.execute(DriverCommandExecutor.java:83)\r\n\tat org.openqa.selenium.remote.RemoteWebDriver.execute(RemoteWebDriver.java:552)\r\n\tat org.openqa.selenium.remote.RemoteWebDriver.findElement(RemoteWebDriver.java:323)\r\n\tat org.openqa.selenium.remote.RemoteWebDriver.findElementByXPath(RemoteWebDriver.java:428)\r\n\tat org.openqa.selenium.By$ByXPath.findElement(By.java:353)\r\n\tat org.openqa.selenium.remote.RemoteWebDriver.findElement(RemoteWebDriver.java:315)\r\n\tat sun.reflect.GeneratedMethodAccessor2.invoke(Unknown Source)\r\n\tat sun.reflect.DelegatingMethodAccessorImpl.invoke(DelegatingMethodAccessorImpl.java:43)\r\n\tat java.lang.reflect.Method.invoke(Method.java:498)\r\n\tat org.openqa.selenium.support.events.EventFiringWebDriver.lambda$new$1(EventFiringWebDriver.java:105)\r\n\tat com.sun.proxy.$Proxy6.findElement(Unknown Source)\r\n\tat org.openqa.selenium.support.events.EventFiringWebDriver.findElement(EventFiringWebDriver.java:194)\r\n\tat org.openqa.selenium.support.pagefactory.DefaultElementLocator.findElement(DefaultElementLocator.java:69)\r\n\tat org.openqa.selenium.support.pagefactory.internal.LocatingElementHandler.invoke(LocatingElementHandler.java:38)\r\n\tat com.sun.proxy.$Proxy19.getText(Unknown Source)\r\n\tat com.ozon.test.pages.BasketPage.checkPrices(BasketPage.java:37)\r\n\tat BuyAnotherJuicers.fourthTest(BuyAnotherJuicers.java:30)\r\n\tat sun.reflect.NativeMethodAccessorImpl.invoke0(Native Method)\r\n\tat sun.reflect.NativeMethodAccessorImpl.invoke(NativeMethodAccessorImpl.java:62)\r\n\tat sun.reflect.DelegatingMethodAccessorImpl.invoke(DelegatingMethodAccessorImpl.java:43)\r\n\tat java.lang.reflect.Method.invoke(Method.java:498)\r\n\tat org.testng.internal.MethodInvocationHelper.invokeMethod(MethodInvocationHelper.java:124)\r\n\tat org.testng.internal.Invoker.invokeMethod(Invoker.java:583)\r\n\tat org.testng.internal.Invoker.invokeTestMethod(Invoker.java:719)\r\n\tat org.testng.internal.Invoker.invokeTestMethods(Invoker.java:989)\r\n\tat org.testng.internal.TestMethodWorker.invokeTestMethods(TestMethodWorker.java:125)\r\n\tat org.testng.internal.TestMethodWorker.run(TestMethodWorker.java:109)\r\n\tat org.testng.TestRunner.privateRun(TestRunner.java:648)\r\n\tat org.testng.TestRunner.run(TestRunner.java:505)\r\n\tat org.testng.SuiteRunner.runTest(SuiteRunner.java:455)\r\n\tat org.testng.SuiteRunner.runSequentially(SuiteRunner.java:450)\r\n\tat org.testng.SuiteRunner.privateRun(SuiteRunner.java:415)\r\n\tat org.testng.SuiteRunner.run(SuiteRunner.java:364)\r\n\tat org.testng.SuiteRunnerWorker.runSuite(SuiteRunnerWorker.java:52)\r\n\tat org.testng.SuiteRunnerWorker.run(SuiteRunnerWorker.java:84)\r\n\tat org.testng.TestNG.runSuitesSequentially(TestNG.java:1208)\r\n\tat org.testng.TestNG.runSuitesLocally(TestNG.java:1137)\r\n\tat org.testng.TestNG.runSuites(TestNG.java:1049)\r\n\tat org.testng.TestNG.run(TestNG.java:1017)\r\n\tat org.testng.IDEARemoteTestNG.run(IDEARemoteTestNG.java:73)\r\n\tat org.testng.RemoteTestNGStarter.main(RemoteTestNGStarter.java:123)\r\n"},"stage":"finished","steps":[{"name":"Open catalog juicers","status":"passed","stage":"finished","steps":[],"attachments":[],"parameters":[],"start":1589386697793,"stop":1589386706175},{"name":"Set min price","status":"passed","stage":"finished","steps":[],"attachments":[{"name":"Page screenshot","source":"9470fda5-f6bb-48f5-97df-c851840d7d2c-attachment","type":"image/png"},{"name":"Page screenshot","source":"2ec0b7b2-9165-443f-af65-0bedf7fde16a-attachment","type":"image/png"},{"name":"Page screenshot","source":"73500a8f-8fe2-4a8c-82b8-d41981934cd9-attachment","type":"image/png"}],"parameters":[],"start":1589386706176,"stop":1589386709375},{"name":"Set max price","status":"passed","stage":"finished","steps":[],"attachments":[{"name":"Page screenshot","source":"2e406078-5f62-496e-a932-dd5483a5c798-attachment","type":"image/png"},{"name":"Page screenshot","source":"74bea18d-7d00-4765-a47a-873b73c50884-attachment","type":"image/png"},{"name":"Page screenshot","source":"6f2d2c4e-d8dc-452c-9937-e732ac911312-attachment","type":"image/png"}],"parameters":[],"start":1589386709376,"stop":1589386714417},{"name":"Set min power","status":"passed","stage":"finished","steps":[],"attachments":[{"name":"Page screenshot","source":"ae5993f8-0bd1-4519-aa12-296ffd16e0d6-attachment","type":"image/png"},{"name":"Page screenshot","source":"bf401b56-8171-457b-ae70-fde4d3c46fb8-attachment","type":"image/png"},{"name":"Page screenshot","source":"f23e2b64-6051-4429-95f6-cd7845f678cf-attachment","type":"image/png"}],"parameters":[],"start":1589386714417,"stop":1589386719536},{"name":"Set cheepest sort","status":"passed","stage":"finished","steps":[],"attachments":[{"name":"Page screenshot","source":"dfb739e6-517a-44af-bbde-1cc95125f91e-attachment","type":"image/png"},{"name":"Page screenshot","source":"57260847-49f7-4736-9f3c-33a80777e2ab-attachment","type":"image/png"},{"name":"Page screenshot","source":"b700d696-e827-4c63-aa60-1550359b3c05-attachment","type":"image/png"},{"name":"Page screenshot","source":"daaff7bb-17a3-4bce-b042-eb8a5a973dcc-attachment","type":"image/png"},{"name":"Page screenshot","source":"28dd3742-3ef0-4676-a5b3-6e2b26fa3aac-attachment","type":"image/png"}],"parameters":[],"start":1589386719536,"stop":1589386723667},{"name":"Check price range","status":"passed","stage":"finished","steps":[],"attachments":[],"parameters":[],"start":1589386723667,"stop":1589386723718},{"name":"Click on juicer and add to Basket","status":"passed","stage":"finished","steps":[],"attachments":[{"name":"Page screenshot","source":"e820d2c2-85a5-4f39-95aa-1e99eff1fc3e-attachment","type":"image/png"}],"parameters":[],"start":1589386723718,"stop":1589386724771},{"name":"Open Basket","status":"passed","stage":"finished","steps":[],"attachments":[],"parameters":[],"start":1589386724793,"stop":1589386726216},{"name":"Check price juicer and cart price","status":"broken","statusDetails":{"known":false,"muted":false,"flaky":false,"message":"no such element: Unable to locate element: {\"method\":\"xpath\",\"selector\":\"//*[@id=\"__nuxt\"]/div/div[1]/div/div/div[3]/div[4]/div[2]/div/div[1]/div[2]/div[4]/span[2]\"}\n  (Session info: chrome=81.0.4044.138)\nFor documentation on this error, please visit: https://www.seleniumhq.org/exceptions/no_such_element.html\nBuild info: version: '3.141.59', revision: 'e82be7d358', time: '2018-11-14T08:17:03'\nSystem info: host: 'NOTEBOOK-ACER', ip: '26.96.97.216', os.name: 'Windows 10', os.arch: 'amd64', os.version: '10.0', java.version: '1.8.0_221'\nDriver info: org.openqa.selenium.chrome.ChromeDriver\nCapabilities {acceptInsecureCerts: false, browserName: chrome, browserVersion: 81.0.4044.138, chrome: {chromedriverVersion: 81.0.4044.69 (6813546031a4b..., userDataDir: c:\\Temp\\scoped_dir5504_1470...}, goog:chromeOptions: {debuggerAddress: localhost:60701}, javascriptEnabled: true, networkConnectionEnabled: false, pageLoadStrategy: normal, platform: WINDOWS, platformName: WINDOWS, proxy: Proxy(), setWindowRect: true, strictFileInteractability: false, timeouts: {implicit: 0, pageLoad: 300000, script: 30000}, unhandledPromptBehavior: dismiss and notify, webauthn:virtualAuthenticators: true}\nSession ID: 8c571d0333ef39d8bb192bad86234bde\n*** Element info: {Using=xpath, value=//*[@id=\"__nuxt\"]/div/div[1]/div/div/div[3]/div[4]/div[2]/div/div[1]/div[2]/div[4]/span[2]}","trace":"org.openqa.selenium.NoSuchElementException: no such element: Unable to locate element: {\"method\":\"xpath\",\"selector\":\"//*[@id=\"__nuxt\"]/div/div[1]/div/div/div[3]/div[4]/div[2]/div/div[1]/div[2]/div[4]/span[2]\"}\n  (Session info: chrome=81.0.4044.138)\nFor documentation on this error, please visit: https://www.seleniumhq.org/exceptions/no_such_element.html\nBuild info: version: '3.141.59', revision: 'e82be7d358', time: '2018-11-14T08:17:03'\nSystem info: host: 'NOTEBOOK-ACER', ip: '26.96.97.216', os.name: 'Windows 10', os.arch: 'amd64', os.version: '10.0', java.version: '1.8.0_221'\nDriver info: org.openqa.selenium.chrome.ChromeDriver\nCapabilities {acceptInsecureCerts: false, browserName: chrome, browserVersion: 81.0.4044.138, chrome: {chromedriverVersion: 81.0.4044.69 (6813546031a4b..., userDataDir: c:\\Temp\\scoped_dir5504_1470...}, goog:chromeOptions: {debuggerAddress: localhost:60701}, javascriptEnabled: true, networkConnectionEnabled: false, pageLoadStrategy: normal, platform: WINDOWS, platformName: WINDOWS, proxy: Proxy(), setWindowRect: true, strictFileInteractability: false, timeouts: {implicit: 0, pageLoad: 300000, script: 30000}, unhandledPromptBehavior: dismiss and notify, webauthn:virtualAuthenticators: true}\nSession ID: 8c571d0333ef39d8bb192bad86234bde\n*** Element info: {Using=xpath, value=//*[@id=\"__nuxt\"]/div/div[1]/div/div/div[3]/div[4]/div[2]/div/div[1]/div[2]/div[4]/span[2]}\r\n\tat sun.reflect.NativeConstructorAccessorImpl.newInstance0(Native Method)\r\n\tat sun.reflect.NativeConstructorAccessorImpl.newInstance(NativeConstructorAccessorImpl.java:62)\r\n\tat sun.reflect.DelegatingConstructorAccessorImpl.newInstance(DelegatingConstructorAccessorImpl.java:45)\r\n\tat java.lang.reflect.Constructor.newInstance(Constructor.java:423)\r\n\tat org.openqa.selenium.remote.http.W3CHttpResponseCodec.createException(W3CHttpResponseCodec.java:187)\r\n\tat org.openqa.selenium.remote.http.W3CHttpResponseCodec.decode(W3CHttpResponseCodec.java:122)\r\n\tat org.openqa.selenium.remote.http.W3CHttpResponseCodec.decode(W3CHttpResponseCodec.java:49)\r\n\tat org.openqa.selenium.remote.HttpCommandExecutor.execute(HttpCommandExecutor.java:158)\r\n\tat org.openqa.selenium.remote.service.DriverCommandExecutor.execute(DriverCommandExecutor.java:83)\r\n\tat org.openqa.selenium.remote.RemoteWebDriver.execute(RemoteWebDriver.java:552)\r\n\tat org.openqa.selenium.remote.RemoteWebDriver.findElement(RemoteWebDriver.java:323)\r\n\tat org.openqa.selenium.remote.RemoteWebDriver.findElementByXPath(RemoteWebDriver.java:428)\r\n\tat org.openqa.selenium.By$ByXPath.findElement(By.java:353)\r\n\tat org.openqa.selenium.remote.RemoteWebDriver.findElement(RemoteWebDriver.java:315)\r\n\tat sun.reflect.GeneratedMethodAccessor2.invoke(Unknown Source)\r\n\tat sun.reflect.DelegatingMethodAccessorImpl.invoke(DelegatingMethodAccessorImpl.java:43)\r\n\tat java.lang.reflect.Method.invoke(Method.java:498)\r\n\tat org.openqa.selenium.support.events.EventFiringWebDriver.lambda$new$1(EventFiringWebDriver.java:105)\r\n\tat com.sun.proxy.$Proxy6.findElement(Unknown Source)\r\n\tat org.openqa.selenium.support.events.EventFiringWebDriver.findElement(EventFiringWebDriver.java:194)\r\n\tat org.openqa.selenium.support.pagefactory.DefaultElementLocator.findElement(DefaultElementLocator.java:69)\r\n\tat org.openqa.selenium.support.pagefactory.internal.LocatingElementHandler.invoke(LocatingElementHandler.java:38)\r\n\tat com.sun.proxy.$Proxy19.getText(Unknown Source)\r\n\tat com.ozon.test.pages.BasketPage.checkPrices(BasketPage.java:37)\r\n\tat BuyAnotherJuicers.fourthTest(BuyAnotherJuicers.java:30)\r\n\tat sun.reflect.NativeMethodAccessorImpl.invoke0(Native Method)\r\n\tat sun.reflect.NativeMethodAccessorImpl.invoke(NativeMethodAccessorImpl.java:62)\r\n\tat sun.reflect.DelegatingMethodAccessorImpl.invoke(DelegatingMethodAccessorImpl.java:43)\r\n\tat java.lang.reflect.Method.invoke(Method.java:498)\r\n\tat org.testng.internal.MethodInvocationHelper.invokeMethod(MethodInvocationHelper.java:124)\r\n\tat org.testng.internal.Invoker.invokeMethod(Invoker.java:583)\r\n\tat org.testng.internal.Invoker.invokeTestMethod(Invoker.java:719)\r\n\tat org.testng.internal.Invoker.invokeTestMethods(Invoker.java:989)\r\n\tat org.testng.internal.TestMethodWorker.invokeTestMethods(TestMethodWorker.java:125)\r\n\tat org.testng.internal.TestMethodWorker.run(TestMethodWorker.java:109)\r\n\tat org.testng.TestRunner.privateRun(TestRunner.java:648)\r\n\tat org.testng.TestRunner.run(TestRunner.java:505)\r\n\tat org.testng.SuiteRunner.runTest(SuiteRunner.java:455)\r\n\tat org.testng.SuiteRunner.runSequentially(SuiteRunner.java:450)\r\n\tat org.testng.SuiteRunner.privateRun(SuiteRunner.java:415)\r\n\tat org.testng.SuiteRunner.run(SuiteRunner.java:364)\r\n\tat org.testng.SuiteRunnerWorker.runSuite(SuiteRunnerWorker.java:52)\r\n\tat org.testng.SuiteRunnerWorker.run(SuiteRunnerWorker.java:84)\r\n\tat org.testng.TestNG.runSuitesSequentially(TestNG.java:1208)\r\n\tat org.testng.TestNG.runSuitesLocally(TestNG.java:1137)\r\n\tat org.testng.TestNG.runSuites(TestNG.java:1049)\r\n\tat org.testng.TestNG.run(TestNG.java:1017)\r\n\tat org.testng.IDEARemoteTestNG.run(IDEARemoteTestNG.java:73)\r\n\tat org.testng.RemoteTestNGStarter.main(RemoteTestNGStarter.java:123)\r\n"},"stage":"finished","steps":[],"attachments":[],"parameters":[],"start":1589386726217,"stop":1589386726881}],"attachments":[{"name":"Page screenshot","source":"6545fea1-cc23-4e43-bf0c-a3b9e733be3e-attachment","type":"image/png"}],"parameters":[],"start":1589386697449,"stop":1589386727593,"uuid":"56e06b3f-495e-4e01-b5d2-6fe1002df989","historyId":"80e7897ab198fb3fa554d911dc4ac355","fullName":"BuyAnotherJuicers.fourthTest","labels":[{"name":"package","value":"BuyAnotherJuicers"},{"name":"testClass","value":"BuyAnotherJuicers"},{"name":"testMethod","value":"fourthTest"},{"name":"parentSuite","value":"Default Suite"},{"name":"suite","value":"ozontest"},{"name":"subSuite","value":"BuyAnotherJuicers"},{"name":"host","value":"Notebook-Acer"},{"name":"thread","value":"20732@Notebook-Acer.main(1)"},{"name":"framework","value":"testng"},{"name":"language","value":"java"}],"links":[]}