{"name":"fourthTest","status":"broken","statusDetails":{"known":false,"muted":false,"flaky":false,"message":"Expected condition failed: waiting for visibility of element located by By.xpath: //*[@id=\"__nuxt\"]/div/div[1]/div[2]/div[2]/div[2]/div[2]/div[2]/div/div[2]/button/div/span (tried for 10 second(s) with 500 milliseconds interval)","trace":"org.openqa.selenium.TimeoutException: Expected condition failed: waiting for visibility of element located by By.xpath: //*[@id=\"__nuxt\"]/div/div[1]/div[2]/div[2]/div[2]/div[2]/div[2]/div/div[2]/button/div/span (tried for 10 second(s) with 500 milliseconds interval)\r\n\tat org.openqa.selenium.support.ui.WebDriverWait.timeoutException(WebDriverWait.java:95)\r\n\tat org.openqa.selenium.support.ui.FluentWait.until(FluentWait.java:272)\r\n\tat com.ozon.test.pages.JuicersPage.setMinPower(JuicersPage.java:88)\r\n\tat BuyAnotherJuicers.fourthTest(BuyAnotherJuicers.java:21)\r\n\tat sun.reflect.NativeMethodAccessorImpl.invoke0(Native Method)\r\n\tat sun.reflect.NativeMethodAccessorImpl.invoke(NativeMethodAccessorImpl.java:62)\r\n\tat sun.reflect.DelegatingMethodAccessorImpl.invoke(DelegatingMethodAccessorImpl.java:43)\r\n\tat java.lang.reflect.Method.invoke(Method.java:498)\r\n\tat org.testng.internal.MethodInvocationHelper.invokeMethod(MethodInvocationHelper.java:124)\r\n\tat org.testng.internal.Invoker.invokeMethod(Invoker.java:583)\r\n\tat org.testng.internal.Invoker.invokeTestMethod(Invoker.java:719)\r\n\tat org.testng.internal.Invoker.invokeTestMethods(Invoker.java:989)\r\n\tat org.testng.internal.TestMethodWorker.invokeTestMethods(TestMethodWorker.java:125)\r\n\tat org.testng.internal.TestMethodWorker.run(TestMethodWorker.java:109)\r\n\tat org.testng.TestRunner.privateRun(TestRunner.java:648)\r\n\tat org.testng.TestRunner.run(TestRunner.java:505)\r\n\tat org.testng.SuiteRunner.runTest(SuiteRunner.java:455)\r\n\tat org.testng.SuiteRunner.runSequentially(SuiteRunner.java:450)\r\n\tat org.testng.SuiteRunner.privateRun(SuiteRunner.java:415)\r\n\tat org.testng.SuiteRunner.run(SuiteRunner.java:364)\r\n\tat org.testng.SuiteRunnerWorker.runSuite(SuiteRunnerWorker.java:52)\r\n\tat org.testng.SuiteRunnerWorker.run(SuiteRunnerWorker.java:84)\r\n\tat org.testng.TestNG.runSuitesSequentially(TestNG.java:1208)\r\n\tat org.testng.TestNG.runSuitesLocally(TestNG.java:1137)\r\n\tat org.testng.TestNG.runSuites(TestNG.java:1049)\r\n\tat org.testng.TestNG.run(TestNG.java:1017)\r\n\tat org.testng.IDEARemoteTestNG.run(IDEARemoteTestNG.java:73)\r\n\tat org.testng.RemoteTestNGStarter.main(RemoteTestNGStarter.java:123)\r\nCaused by: org.openqa.selenium.NoSuchElementException: no such element: Unable to locate element: {\"method\":\"xpath\",\"selector\":\"//*[@id=\"__nuxt\"]/div/div[1]/div[2]/div[2]/div[2]/div[2]/div[2]/div/div[2]/button/div/span\"}\n  (Session info: chrome=81.0.4044.138)\nFor documentation on this error, please visit: https://www.seleniumhq.org/exceptions/no_such_element.html\nBuild info: version: '3.141.59', revision: 'e82be7d358', time: '2018-11-14T08:17:03'\nSystem info: host: 'NOTEBOOK-ACER', ip: '26.96.97.216', os.name: 'Windows 10', os.arch: 'amd64', os.version: '10.0', java.version: '1.8.0_221'\nDriver info: org.openqa.selenium.chrome.ChromeDriver\nCapabilities {acceptInsecureCerts: false, browserName: chrome, browserVersion: 81.0.4044.138, chrome: {chromedriverVersion: 81.0.4044.69 (6813546031a4b..., userDataDir: c:\\Temp\\scoped_dir9088_1951...}, goog:chromeOptions: {debuggerAddress: localhost:60531}, javascriptEnabled: true, networkConnectionEnabled: false, pageLoadStrategy: normal, platform: WINDOWS, platformName: WINDOWS, proxy: Proxy(), setWindowRect: true, strictFileInteractability: false, timeouts: {implicit: 0, pageLoad: 300000, script: 30000}, unhandledPromptBehavior: dismiss and notify, webauthn:virtualAuthenticators: true}\nSession ID: acf94ad74aa5c1a39d25289271227511\n*** Element info: {Using=xpath, value=//*[@id=\"__nuxt\"]/div/div[1]/div[2]/div[2]/div[2]/div[2]/div[2]/div/div[2]/button/div/span}\r\n\tat sun.reflect.NativeConstructorAccessorImpl.newInstance0(Native Method)\r\n\tat sun.reflect.NativeConstructorAccessorImpl.newInstance(NativeConstructorAccessorImpl.java:62)\r\n\tat sun.reflect.DelegatingConstructorAccessorImpl.newInstance(DelegatingConstructorAccessorImpl.java:45)\r\n\tat java.lang.reflect.Constructor.newInstance(Constructor.java:423)\r\n\tat org.openqa.selenium.remote.http.W3CHttpResponseCodec.createException(W3CHttpResponseCodec.java:187)\r\n\tat org.openqa.selenium.remote.http.W3CHttpResponseCodec.decode(W3CHttpResponseCodec.java:122)\r\n\tat org.openqa.selenium.remote.http.W3CHttpResponseCodec.decode(W3CHttpResponseCodec.java:49)\r\n\tat org.openqa.selenium.remote.HttpCommandExecutor.execute(HttpCommandExecutor.java:158)\r\n\tat org.openqa.selenium.remote.service.DriverCommandExecutor.execute(DriverCommandExecutor.java:83)\r\n\tat org.openqa.selenium.remote.RemoteWebDriver.execute(RemoteWebDriver.java:552)\r\n\tat org.openqa.selenium.remote.RemoteWebDriver.findElement(RemoteWebDriver.java:323)\r\n\tat org.openqa.selenium.remote.RemoteWebDriver.findElementByXPath(RemoteWebDriver.java:428)\r\n\tat org.openqa.selenium.By$ByXPath.findElement(By.java:353)\r\n\tat org.openqa.selenium.remote.RemoteWebDriver.findElement(RemoteWebDriver.java:315)\r\n\tat sun.reflect.GeneratedMethodAccessor2.invoke(Unknown Source)\r\n\tat sun.reflect.DelegatingMethodAccessorImpl.invoke(DelegatingMethodAccessorImpl.java:43)\r\n\tat java.lang.reflect.Method.invoke(Method.java:498)\r\n\tat org.openqa.selenium.support.events.EventFiringWebDriver.lambda$new$1(EventFiringWebDriver.java:105)\r\n\tat com.sun.proxy.$Proxy6.findElement(Unknown Source)\r\n\tat org.openqa.selenium.support.events.EventFiringWebDriver.findElement(EventFiringWebDriver.java:194)\r\n\tat org.openqa.selenium.support.ui.ExpectedConditions$7.apply(ExpectedConditions.java:205)\r\n\tat org.openqa.selenium.support.ui.ExpectedConditions$7.apply(ExpectedConditions.java:201)\r\n\tat org.openqa.selenium.support.ui.FluentWait.until(FluentWait.java:249)\r\n\t... 26 more\r\n"},"stage":"finished","steps":[{"name":"Open catalog juicers","status":"passed","stage":"finished","steps":[],"attachments":[],"parameters":[],"start":1589364936971,"stop":1589364942876},{"name":"Set min price","status":"passed","stage":"finished","steps":[],"attachments":[{"name":"Page screenshot","source":"162e2deb-ab23-46d7-a0b9-3f12ddb06fe9-attachment","type":"image/png"},{"name":"Page screenshot","source":"fc7dfb8d-fdbd-4375-bb59-7bd591f46503-attachment","type":"image/png"},{"name":"Page screenshot","source":"856c4607-2f53-4ab6-92c6-b0f27c5abc9b-attachment","type":"image/png"}],"parameters":[],"start":1589364942877,"stop":1589364946561},{"name":"Set max price","status":"passed","stage":"finished","steps":[],"attachments":[{"name":"Page screenshot","source":"5f2be004-9886-4c3a-afb0-768c39ea53b5-attachment","type":"image/png"},{"name":"Page screenshot","source":"37eab299-65e2-4c87-9786-f5b9cd63212b-attachment","type":"image/png"},{"name":"Page screenshot","source":"99ea05ff-ddfa-4d36-92bf-6555beff5403-attachment","type":"image/png"}],"parameters":[],"start":1589364946562,"stop":1589364951833},{"name":"Set min power","status":"broken","statusDetails":{"known":false,"muted":false,"flaky":false,"message":"Expected condition failed: waiting for visibility of element located by By.xpath: //*[@id=\"__nuxt\"]/div/div[1]/div[2]/div[2]/div[2]/div[2]/div[2]/div/div[2]/button/div/span (tried for 10 second(s) with 500 milliseconds interval)","trace":"org.openqa.selenium.TimeoutException: Expected condition failed: waiting for visibility of element located by By.xpath: //*[@id=\"__nuxt\"]/div/div[1]/div[2]/div[2]/div[2]/div[2]/div[2]/div/div[2]/button/div/span (tried for 10 second(s) with 500 milliseconds interval)\r\n\tat org.openqa.selenium.support.ui.WebDriverWait.timeoutException(WebDriverWait.java:95)\r\n\tat org.openqa.selenium.support.ui.FluentWait.until(FluentWait.java:272)\r\n\tat com.ozon.test.pages.JuicersPage.setMinPower(JuicersPage.java:88)\r\n\tat BuyAnotherJuicers.fourthTest(BuyAnotherJuicers.java:21)\r\n\tat sun.reflect.NativeMethodAccessorImpl.invoke0(Native Method)\r\n\tat sun.reflect.NativeMethodAccessorImpl.invoke(NativeMethodAccessorImpl.java:62)\r\n\tat sun.reflect.DelegatingMethodAccessorImpl.invoke(DelegatingMethodAccessorImpl.java:43)\r\n\tat java.lang.reflect.Method.invoke(Method.java:498)\r\n\tat org.testng.internal.MethodInvocationHelper.invokeMethod(MethodInvocationHelper.java:124)\r\n\tat org.testng.internal.Invoker.invokeMethod(Invoker.java:583)\r\n\tat org.testng.internal.Invoker.invokeTestMethod(Invoker.java:719)\r\n\tat org.testng.internal.Invoker.invokeTestMethods(Invoker.java:989)\r\n\tat org.testng.internal.TestMethodWorker.invokeTestMethods(TestMethodWorker.java:125)\r\n\tat org.testng.internal.TestMethodWorker.run(TestMethodWorker.java:109)\r\n\tat org.testng.TestRunner.privateRun(TestRunner.java:648)\r\n\tat org.testng.TestRunner.run(TestRunner.java:505)\r\n\tat org.testng.SuiteRunner.runTest(SuiteRunner.java:455)\r\n\tat org.testng.SuiteRunner.runSequentially(SuiteRunner.java:450)\r\n\tat org.testng.SuiteRunner.privateRun(SuiteRunner.java:415)\r\n\tat org.testng.SuiteRunner.run(SuiteRunner.java:364)\r\n\tat org.testng.SuiteRunnerWorker.runSuite(SuiteRunnerWorker.java:52)\r\n\tat org.testng.SuiteRunnerWorker.run(SuiteRunnerWorker.java:84)\r\n\tat org.testng.TestNG.runSuitesSequentially(TestNG.java:1208)\r\n\tat org.testng.TestNG.runSuitesLocally(TestNG.java:1137)\r\n\tat org.testng.TestNG.runSuites(TestNG.java:1049)\r\n\tat org.testng.TestNG.run(TestNG.java:1017)\r\n\tat org.testng.IDEARemoteTestNG.run(IDEARemoteTestNG.java:73)\r\n\tat org.testng.RemoteTestNGStarter.main(RemoteTestNGStarter.java:123)\r\nCaused by: org.openqa.selenium.NoSuchElementException: no such element: Unable to locate element: {\"method\":\"xpath\",\"selector\":\"//*[@id=\"__nuxt\"]/div/div[1]/div[2]/div[2]/div[2]/div[2]/div[2]/div/div[2]/button/div/span\"}\n  (Session info: chrome=81.0.4044.138)\nFor documentation on this error, please visit: https://www.seleniumhq.org/exceptions/no_such_element.html\nBuild info: version: '3.141.59', revision: 'e82be7d358', time: '2018-11-14T08:17:03'\nSystem info: host: 'NOTEBOOK-ACER', ip: '26.96.97.216', os.name: 'Windows 10', os.arch: 'amd64', os.version: '10.0', java.version: '1.8.0_221'\nDriver info: org.openqa.selenium.chrome.ChromeDriver\nCapabilities {acceptInsecureCerts: false, browserName: chrome, browserVersion: 81.0.4044.138, chrome: {chromedriverVersion: 81.0.4044.69 (6813546031a4b..., userDataDir: c:\\Temp\\scoped_dir9088_1951...}, goog:chromeOptions: {debuggerAddress: localhost:60531}, javascriptEnabled: true, networkConnectionEnabled: false, pageLoadStrategy: normal, platform: WINDOWS, platformName: WINDOWS, proxy: Proxy(), setWindowRect: true, strictFileInteractability: false, timeouts: {implicit: 0, pageLoad: 300000, script: 30000}, unhandledPromptBehavior: dismiss and notify, webauthn:virtualAuthenticators: true}\nSession ID: acf94ad74aa5c1a39d25289271227511\n*** Element info: {Using=xpath, value=//*[@id=\"__nuxt\"]/div/div[1]/div[2]/div[2]/div[2]/div[2]/div[2]/div/div[2]/button/div/span}\r\n\tat sun.reflect.NativeConstructorAccessorImpl.newInstance0(Native Method)\r\n\tat sun.reflect.NativeConstructorAccessorImpl.newInstance(NativeConstructorAccessorImpl.java:62)\r\n\tat sun.reflect.DelegatingConstructorAccessorImpl.newInstance(DelegatingConstructorAccessorImpl.java:45)\r\n\tat java.lang.reflect.Constructor.newInstance(Constructor.java:423)\r\n\tat org.openqa.selenium.remote.http.W3CHttpResponseCodec.createException(W3CHttpResponseCodec.java:187)\r\n\tat org.openqa.selenium.remote.http.W3CHttpResponseCodec.decode(W3CHttpResponseCodec.java:122)\r\n\tat org.openqa.selenium.remote.http.W3CHttpResponseCodec.decode(W3CHttpResponseCodec.java:49)\r\n\tat org.openqa.selenium.remote.HttpCommandExecutor.execute(HttpCommandExecutor.java:158)\r\n\tat org.openqa.selenium.remote.service.DriverCommandExecutor.execute(DriverCommandExecutor.java:83)\r\n\tat org.openqa.selenium.remote.RemoteWebDriver.execute(RemoteWebDriver.java:552)\r\n\tat org.openqa.selenium.remote.RemoteWebDriver.findElement(RemoteWebDriver.java:323)\r\n\tat org.openqa.selenium.remote.RemoteWebDriver.findElementByXPath(RemoteWebDriver.java:428)\r\n\tat org.openqa.selenium.By$ByXPath.findElement(By.java:353)\r\n\tat org.openqa.selenium.remote.RemoteWebDriver.findElement(RemoteWebDriver.java:315)\r\n\tat sun.reflect.GeneratedMethodAccessor2.invoke(Unknown Source)\r\n\tat sun.reflect.DelegatingMethodAccessorImpl.invoke(DelegatingMethodAccessorImpl.java:43)\r\n\tat java.lang.reflect.Method.invoke(Method.java:498)\r\n\tat org.openqa.selenium.support.events.EventFiringWebDriver.lambda$new$1(EventFiringWebDriver.java:105)\r\n\tat com.sun.proxy.$Proxy6.findElement(Unknown Source)\r\n\tat org.openqa.selenium.support.events.EventFiringWebDriver.findElement(EventFiringWebDriver.java:194)\r\n\tat org.openqa.selenium.support.ui.ExpectedConditions$7.apply(ExpectedConditions.java:205)\r\n\tat org.openqa.selenium.support.ui.ExpectedConditions$7.apply(ExpectedConditions.java:201)\r\n\tat org.openqa.selenium.support.ui.FluentWait.until(FluentWait.java:249)\r\n\t... 26 more\r\n"},"stage":"finished","steps":[],"attachments":[{"name":"Page screenshot","source":"0fdaf5dc-0de5-4dac-951b-afebde921a39-attachment","type":"image/png"},{"name":"Page screenshot","source":"422ce56d-1f24-42e7-90a1-b43e44ac1ae7-attachment","type":"image/png"},{"name":"Page screenshot","source":"49879ca8-67d7-4149-ab62-4b45aa001589-attachment","type":"image/png"}],"parameters":[],"start":1589364951833,"stop":1589364965957}],"attachments":[{"name":"Page screenshot","source":"2a1b58ed-cb2b-4b91-adb2-3c492d8cd605-attachment","type":"image/png"}],"parameters":[],"start":1589364936682,"stop":1589364966528,"uuid":"58dfa7d2-0972-418d-8ba7-8379340621bb","historyId":"80e7897ab198fb3fa554d911dc4ac355","fullName":"BuyAnotherJuicers.fourthTest","labels":[{"name":"package","value":"BuyAnotherJuicers"},{"name":"testClass","value":"BuyAnotherJuicers"},{"name":"testMethod","value":"fourthTest"},{"name":"parentSuite","value":"Default Suite"},{"name":"suite","value":"ozontest"},{"name":"subSuite","value":"BuyAnotherJuicers"},{"name":"host","value":"Notebook-Acer"},{"name":"thread","value":"13380@Notebook-Acer.main(1)"},{"name":"framework","value":"testng"},{"name":"language","value":"java"}],"links":[]}